<?xml version="1.0" encoding="UTF-8"?>
<!-- Generated by org.testng.reporters.JUnitReportReporter -->
<testsuite hostname="Central-PC" name="ca.st.selenium.LoginTest" tests="1" failures="0" timestamp="1 Jul 2015 22:17:52 GMT" time="2.505" errors="0">
  <testcase name="testUntitled" time="2.505" classname="ca.st.selenium.LoginTest"/>
</testsuite> <!-- ca.st.selenium.LoginTest -->
