<?xml version="1.0" encoding="UTF-8"?>
<!-- Generated by org.testng.reporters.JUnitReportReporter -->
<testsuite hostname="Central-PC" name="ca.st.selenium.LoginTest" tests="1" failures="0" timestamp="3 Jul 2015 00:20:22 GMT" time="4.166" errors="0">
  <testcase name="testUntitled" time="4.166" classname="ca.st.selenium.LoginTest"/>
</testsuite> <!-- ca.st.selenium.LoginTest -->
